<?xml version="1.0" encoding="UTF-8"?>
<!-- Generated by org.testng.reporters.JUnitXMLReporter -->
<testsuite hostname="IMCBCP125-TXD" ignored="0" name="CRM Application Test Sanity" tests="3" failures="0" timestamp="18 Jul 2020 17:55:13 GMT" time="55.95" errors="0">
  <testcase name="ValidateHomepageTitleTest" time="0.01" classname="automation.testcases.HomepageTest"/>
  <testcase name="ValidateUsernameDisplayTest" time="0.067" classname="automation.testcases.HomepageTest"/>
  <testcase name="VerifyClickonContactsLinkTest" time="2.984" classname="automation.testcases.HomepageTest"/>
</testsuite> <!-- CRM Application Test Sanity -->
