<?xml version="1.0" encoding="UTF-8"?>
<testng-results skipped="0" failed="0" ignored="0" total="3" passed="3">
  <reporter-output>
  </reporter-output>
  <suite name="CRM automation Test suite" duration-ms="55950" started-at="2020-07-18T17:54:17Z" finished-at="2020-07-18T17:55:13Z">
    <groups>
    </groups>
    <test name="CRM Application Test Sanity" duration-ms="55950" started-at="2020-07-18T17:54:17Z" finished-at="2020-07-18T17:55:13Z">
      <class name="automation.testcases.HomepageTest">
        <test-method status="PASS" signature="setup()[pri:0, instance:automation.testcases.HomepageTest@6f7fd0e6]" name="setup" is-config="true" duration-ms="18296" started-at="2020-07-18T17:54:17Z" finished-at="2020-07-18T17:54:35Z">
          <reporter-output>
          </reporter-output>
        </test-method> <!-- setup -->
        <test-method status="PASS" signature="ValidateHomepageTitleTest()[pri:1, instance:automation.testcases.HomepageTest@6f7fd0e6]" name="ValidateHomepageTitleTest" duration-ms="10" started-at="2020-07-18T17:54:35Z" finished-at="2020-07-18T17:54:35Z">
          <reporter-output>
          </reporter-output>
        </test-method> <!-- ValidateHomepageTitleTest -->
        <test-method status="PASS" signature="TearDown()[pri:0, instance:automation.testcases.HomepageTest@6f7fd0e6]" name="TearDown" is-config="true" duration-ms="646" started-at="2020-07-18T17:54:35Z" finished-at="2020-07-18T17:54:36Z">
          <reporter-output>
          </reporter-output>
        </test-method> <!-- TearDown -->
        <test-method status="PASS" signature="setup()[pri:0, instance:automation.testcases.HomepageTest@6f7fd0e6]" name="setup" is-config="true" duration-ms="16831" started-at="2020-07-18T17:54:36Z" finished-at="2020-07-18T17:54:53Z">
          <reporter-output>
          </reporter-output>
        </test-method> <!-- setup -->
        <test-method status="PASS" signature="ValidateUsernameDisplayTest()[pri:2, instance:automation.testcases.HomepageTest@6f7fd0e6]" name="ValidateUsernameDisplayTest" duration-ms="67" started-at="2020-07-18T17:54:53Z" finished-at="2020-07-18T17:54:53Z">
          <reporter-output>
          </reporter-output>
        </test-method> <!-- ValidateUsernameDisplayTest -->
        <test-method status="PASS" signature="TearDown()[pri:0, instance:automation.testcases.HomepageTest@6f7fd0e6]" name="TearDown" is-config="true" duration-ms="638" started-at="2020-07-18T17:54:53Z" finished-at="2020-07-18T17:54:54Z">
          <reporter-output>
          </reporter-output>
        </test-method> <!-- TearDown -->
        <test-method status="PASS" signature="setup()[pri:0, instance:automation.testcases.HomepageTest@6f7fd0e6]" name="setup" is-config="true" duration-ms="15812" started-at="2020-07-18T17:54:54Z" finished-at="2020-07-18T17:55:09Z">
          <reporter-output>
          </reporter-output>
        </test-method> <!-- setup -->
        <test-method status="PASS" signature="VerifyClickonContactsLinkTest()[pri:3, instance:automation.testcases.HomepageTest@6f7fd0e6]" name="VerifyClickonContactsLinkTest" duration-ms="2984" started-at="2020-07-18T17:55:09Z" finished-at="2020-07-18T17:55:12Z">
          <reporter-output>
          </reporter-output>
        </test-method> <!-- VerifyClickonContactsLinkTest -->
        <test-method status="PASS" signature="TearDown()[pri:0, instance:automation.testcases.HomepageTest@6f7fd0e6]" name="TearDown" is-config="true" duration-ms="648" started-at="2020-07-18T17:55:12Z" finished-at="2020-07-18T17:55:13Z">
          <reporter-output>
          </reporter-output>
        </test-method> <!-- TearDown -->
      </class> <!-- automation.testcases.HomepageTest -->
    </test> <!-- CRM Application Test Sanity -->
  </suite> <!-- CRM automation Test suite -->
</testng-results>
